<?xml version="1.0" encoding="UTF-8"?>
<!-- Generated by org.testng.reporters.JUnitReportReporter -->
<testsuite hostname="BLACKY" failures="0" tests="1" name="TestCases.Create_Contact_Date_Time" time="17.636" errors="0" timestamp="2024-07-31T15:25:27 IST" skipped="0">
  <testcase classname="TestCases.Create_Contact_Date_Time" name="contact" time="17.636"/>
</testsuite> <!-- TestCases.Create_Contact_Date_Time -->
