<?xml version="1.0" encoding="UTF-8"?>
<!-- Generated by org.testng.reporters.JUnitReportReporter -->
<testsuite hostname="BLACKY" failures="0" tests="1" name="TestCases.CreateOrgnization" time="17.449" errors="0" timestamp="2024-07-31T15:12:30 IST" skipped="0">
  <testcase classname="TestCases.CreateOrgnization" name="orgnization" time="17.449"/>
</testsuite> <!-- TestCases.CreateOrgnization -->
